<?xml version="1.0" encoding="UTF-8"?>
<!-- Generated by org.testng.reporters.JUnitReportReporter -->
<testsuite skipped="0" hostname="DESKTOP-CPLEQ0J" name="com.demo.pack.SignupTest" tests="1" failures="0" timestamp="03 Apr 2021 07:55:26 GMT" time="0.032" errors="0">
  <testcase name="signup" time="0.032" classname="com.demo.pack.SignupTest"/>
</testsuite> <!-- com.demo.pack.SignupTest -->
